\BOOKMARK [1][-]{section.1}{Abstract}{}% 1
\BOOKMARK [1][-]{section.2}{Introduction}{}% 2
\BOOKMARK [1][-]{section.3}{Related work}{}% 3
\BOOKMARK [1][-]{section.4}{Threat model}{}% 4
\BOOKMARK [1][-]{section.5}{Cryptography}{}% 5
\BOOKMARK [2][-]{subsection.5.1}{Client-Server Communication}{section.5}% 6
\BOOKMARK [2][-]{subsection.5.2}{Password Storage}{section.5}% 7
\BOOKMARK [2][-]{subsection.5.3}{Data Encryption \(Aniss\)}{section.5}% 8
\BOOKMARK [3][-]{subsubsection.5.3.1}{Image Encryption}{subsection.5.3}% 9
\BOOKMARK [3][-]{subsubsection.5.3.2}{Key Encryption}{subsection.5.3}% 10
\BOOKMARK [2][-]{subsection.5.4}{Data Integrity \(Aniss\)}{section.5}% 11
\BOOKMARK [1][-]{section.6}{General Architecture \(Aniss\)}{}% 12
\BOOKMARK [2][-]{subsection.6.1}{Registration Phase}{section.6}% 13
\BOOKMARK [2][-]{subsection.6.2}{Retrieval of Other Correspondant's Public key}{section.6}% 14
\BOOKMARK [2][-]{subsection.6.3}{Picture Sending and Receival}{section.6}% 15
\BOOKMARK [1][-]{section.7}{Implementations}{}% 16
\BOOKMARK [2][-]{subsection.7.1}{Server side}{section.7}% 17
\BOOKMARK [2][-]{subsection.7.2}{Client side}{section.7}% 18
\BOOKMARK [3][-]{subsubsection.7.2.1}{Android \(Aniss\)}{subsection.7.2}% 19
\BOOKMARK [3][-]{subsubsection.7.2.2}{IOS}{subsection.7.2}% 20
